Using pre-set license
Built from '2021.2/staging' branch; Version is '2021.2.16f1 (559fc0ec6670) revision 5611456'; Using compiler version '192829333'; Build Type 'Release'
OS: 'Windows 10  (10.0.19045) 64bit Core' Language: 'ru' Physical Memory: 32633 MB
BatchMode: 1, IsHumanControllingUs: 0, StartBugReporterOnCrash: 0, Is64bit: 1, IsPro: 1

COMMAND LINE ARGUMENTS:
E:\programm\Unity Hub\Unity Vers\2021.2.16f1\Editor\Unity.exe
-adb2
-batchMode
-noUpm
-name
AssetImportWorker4
-projectPath
C:/Users/artem/OneDrive/Документы/Blender
-logFile
Logs/AssetImportWorker4.log
-srvPort
53835
Successfully changed project path to: C:/Users/artem/OneDrive/Документы/Blender
C:/Users/artem/OneDrive/Документы/Blender
[UnityMemory] Configuration Parameters - Can be set up in boot.config
    "memorysetup-bucket-allocator-granularity=16"
    "memorysetup-bucket-allocator-bucket-count=8"
    "memorysetup-bucket-allocator-block-size=33554432"
    "memorysetup-bucket-allocator-block-count=8"
    "memorysetup-main-allocator-block-size=16777216"
    "memorysetup-thread-allocator-block-size=16777216"
    "memorysetup-gfx-main-allocator-block-size=16777216"
    "memorysetup-gfx-thread-allocator-block-size=16777216"
    "memorysetup-cache-allocator-block-size=4194304"
    "memorysetup-typetree-allocator-block-size=2097152"
    "memorysetup-profiler-bucket-allocator-granularity=16"
    "memorysetup-profiler-bucket-allocator-bucket-count=8"
    "memorysetup-profiler-bucket-allocator-block-size=33554432"
    "memorysetup-profiler-bucket-allocator-block-count=8"
    "memorysetup-profiler-allocator-block-size=16777216"
    "memorysetup-profiler-editor-allocator-block-size=1048576"
    "memorysetup-temp-allocator-size-main=16777216"
    "memorysetup-job-temp-allocator-block-size=2097152"
    "memorysetup-job-temp-allocator-block-size-background=1048576"
    "memorysetup-job-temp-allocator-reduction-small-platforms=262144"
    "memorysetup-temp-allocator-size-background-worker=32768"
    "memorysetup-temp-allocator-size-job-worker=262144"
    "memorysetup-temp-allocator-size-preload-manager=33554432"
    "memorysetup-temp-allocator-size-nav-mesh-worker=65536"
    "memorysetup-temp-allocator-size-audio-worker=65536"
    "memorysetup-temp-allocator-size-cloud-worker=32768"
    "memorysetup-temp-allocator-size-gi-baking-worker=262144"
    "memorysetup-temp-allocator-size-gfx=262144"
Refreshing native plugins compatible for Editor in 70.51 ms, found 3 plugins.
Preloading 0 native plugins for Editor in 0.00 ms.
Initialize engine version: 2021.2.16f1 (559fc0ec6670)
[Subsystems] Discovering subsystems at path E:/programm/Unity Hub/Unity Vers/2021.2.16f1/Editor/Data/Resources/UnitySubsystems
[Subsystems] Discovering subsystems at path C:/Users/artem/OneDrive/Документы/Blender/Assets
GfxDevice: creating device client; threaded=0; jobified=0
Direct3D:
    Version:  Direct3D 11.0 [level 11.1]
    Renderer: NVIDIA GeForce GTX 1660 Ti (ID=0x2182)
    Vendor:   NVIDIA
    VRAM:     5991 MB
    Driver:   31.0.15.1694
Initialize mono
Mono path[0] = 'E:/programm/Unity Hub/Unity Vers/2021.2.16f1/Editor/Data/Managed'
Mono path[1] = 'E:/programm/Unity Hub/Unity Vers/2021.2.16f1/Editor/Data/MonoBleedingEdge/lib/mono/unityjit-win32'
Mono config path = 'E:/programm/Unity Hub/Unity Vers/2021.2.16f1/Editor/Data/MonoBleedingEdge/etc'
Using monoOptions --debugger-agent=transport=dt_socket,embedding=1,server=y,suspend=n,address=127.0.0.1:56696
Begin MonoManager ReloadAssembly
Registering precompiled unity dll's ...
Register platform support module: E:/programm/Unity Hub/Unity Vers/2021.2.16f1/Editor/Data/PlaybackEngines/WebGLSupport/UnityEditor.WebGL.Extensions.dll
Register platform support module: E:/programm/Unity Hub/Unity Vers/2021.2.16f1/Editor/Data/PlaybackEngines/AndroidPlayer/UnityEditor.Android.Extensions.dll
Register platform support module: E:/programm/Unity Hub/Unity Vers/2021.2.16f1/Editor/Data/PlaybackEngines/WindowsStandaloneSupport/UnityEditor.WindowsStandalone.Extensions.dll
Registered in 0.003214 seconds.
Native extension for WindowsStandalone target not found
Native extension for Android target not found
Native extension for WebGL target not found
Refreshing native plugins compatible for Editor in 62.39 ms, found 3 plugins.
Preloading 0 native plugins for Editor in 0.00 ms.
Mono: successfully reloaded assembly
- Completed reload, in  0.499 seconds
Domain Reload Profiling:
	ReloadAssembly (500ms)
		BeginReloadAssembly (50ms)
			ExecutionOrderSort (0ms)
			DisableScriptedObjects (0ms)
			BackupInstance (0ms)
			ReleaseScriptingObjects (0ms)
			CreateAndSetChildDomain (1ms)
		EndReloadAssembly (371ms)
			LoadAssemblies (50ms)
			RebuildTransferFunctionScriptingTraits (0ms)
			SetupTypeCache (83ms)
			ReleaseScriptCaches (0ms)
			RebuildScriptCaches (22ms)
			SetupLoadedEditorAssemblies (226ms)
				LogAssemblyErrors (0ms)
				InitializePlatformSupportModulesInManaged (44ms)
				SetLoadedEditorAssemblies (0ms)
				RefreshPlugins (62ms)
				BeforeProcessingInitializeOnLoad (1ms)
				ProcessInitializeOnLoadAttributes (82ms)
				ProcessInitializeOnLoadMethodAttributes (35ms)
				AfterProcessingInitializeOnLoad (0ms)
				EditorAssembliesLoaded (0ms)
			ExecutionOrderSort2 (0ms)
			AwakeInstancesAfterBackupRestoration (0ms)
Platform modules already initialized, skipping
Registering precompiled user dll's ...
Registered in 0.004100 seconds.
Begin MonoManager ReloadAssembly
Symbol file LoadedFromMemory doesn't match image C:\Users\artem\OneDrive\Документы\Blender\Library\PackageCache\com.unity.visualscripting@1.7.6\Editor\VisualScripting.Core\Dependencies\DotNetZip\Unity.VisualScripting.IonicZip.dll
Symbol file LoadedFromMemory doesn't match image C:\Users\artem\OneDrive\Документы\Blender\Library\PackageCache\com.unity.visualscripting@1.7.6\Editor\VisualScripting.Core\Dependencies\YamlDotNet\Unity.VisualScripting.YamlDotNet.dll
Native extension for WindowsStandalone target not found
Native extension for Android target not found
Native extension for WebGL target not found
Refreshing native plugins compatible for Editor in 0.63 ms, found 3 plugins.
Preloading 0 native plugins for Editor in 0.00 ms.
Mono: successfully reloaded assembly
- Completed reload, in  0.838 seconds
Domain Reload Profiling:
	ReloadAssembly (838ms)
		BeginReloadAssembly (183ms)
			ExecutionOrderSort (0ms)
			DisableScriptedObjects (5ms)
			BackupInstance (0ms)
			ReleaseScriptingObjects (0ms)
			CreateAndSetChildDomain (118ms)
		EndReloadAssembly (568ms)
			LoadAssemblies (53ms)
			RebuildTransferFunctionScriptingTraits (0ms)
			SetupTypeCache (176ms)
			ReleaseScriptCaches (0ms)
			RebuildScriptCaches (45ms)
			SetupLoadedEditorAssemblies (254ms)
				LogAssemblyErrors (0ms)
				InitializePlatformSupportModulesInManaged (11ms)
				SetLoadedEditorAssemblies (0ms)
				RefreshPlugins (1ms)
				BeforeProcessingInitializeOnLoad (55ms)
				ProcessInitializeOnLoadAttributes (167ms)
				ProcessInitializeOnLoadMethodAttributes (17ms)
				AfterProcessingInitializeOnLoad (2ms)
				EditorAssembliesLoaded (0ms)
			ExecutionOrderSort2 (0ms)
			AwakeInstancesAfterBackupRestoration (4ms)
Platform modules already initialized, skipping
========================================================================
Worker process is ready to serve import requests
Launched and connected shader compiler UnityShaderCompiler.exe after 0.03 seconds
Refreshing native plugins compatible for Editor in 0.60 ms, found 3 plugins.
Preloading 0 native plugins for Editor in 0.00 ms.
Unloading 3267 Unused Serialized files (Serialized files now loaded: 0)
Unloading 78 unused Assets / (56.7 KB). Loaded Objects now: 3681.
Memory consumption went from 113.2 MB to 113.1 MB.
Total: 2.179200 ms (FindLiveObjects: 0.199800 ms CreateObjectMapping: 0.158800 ms MarkObjects: 1.771200 ms  DeleteObjects: 0.048700 ms)

AssetImportParameters requested are different than current active one (requested -> active):
  custom:video-decoder-ogg-theora: a1e56fd34408186e4bbccfd4996cb3dc -> 
  custom:container-muxer-webm: aa71ff27fc2769a1b78a27578f13a17b -> 
  custom:container-demuxer-webm: 4f35f7cbe854078d1ac9338744f61a02 -> 
  custom:video-encoder-webm-vp8: eb34c28f22e8b96e1ab97ce403110664 -> 
  custom:audio-encoder-webm-vorbis: bf7c407c2cedff20999df2af8eb42d56 -> 
  custom:framework-win-MediaFoundation: 216162199b28c13a410421893ffa2e32 -> 
  custom:container-demuxer-ogg: 62fdf1f143b41e24485cea50d1cbac27 -> 
  custom:video-decoder-webm-vp8: 9c59270c3fd7afecdb556c50c9e8de78 -> 
  custom:audio-decoder-ogg-vorbis: bf7c407c2cedff20999df2af8eb42d56 -> 
========================================================================
Received Import Request.
  Time since last request: 4477.950155 seconds.
  path: Assets/ScriptableObjects/Level/11/BonusTime.asset
  artifactKey: Guid(7ee5945fa1d6c0145afddca199a597f2) Importer(815301076,1909f56bfc062723c751e8b465ee728b)
Start importing Assets/ScriptableObjects/Level/11/BonusTime.asset using Guid(7ee5945fa1d6c0145afddca199a597f2) Importer(815301076,1909f56bfc062723c751e8b465ee728b)  -> (artifact id: 'b91dbbfc5198aa5a940b527e8e47548a') in 0.023539 seconds 
========================================================================
Received Import Request.
  Time since last request: 3.086733 seconds.
  path: Assets/ScriptableObjects/Level/12/BonusTimeBig.asset
  artifactKey: Guid(4c37ca345879adb4d9d04cf0e4ca5202) Importer(815301076,1909f56bfc062723c751e8b465ee728b)
Start importing Assets/ScriptableObjects/Level/12/BonusTimeBig.asset using Guid(4c37ca345879adb4d9d04cf0e4ca5202) Importer(815301076,1909f56bfc062723c751e8b465ee728b)  -> (artifact id: '2a00f5bea2be09827310c8ded1b0aeb7') in 0.001983 seconds 
========================================================================
Received Import Request.
  Time since last request: 0.000013 seconds.
  path: Assets/ScriptableObjects/Level/12/SpawnDamager_Tree.asset
  artifactKey: Guid(1ae1a9abbff908b40a8ff4d174d1181e) Importer(815301076,1909f56bfc062723c751e8b465ee728b)
Start importing Assets/ScriptableObjects/Level/12/SpawnDamager_Tree.asset using Guid(1ae1a9abbff908b40a8ff4d174d1181e) Importer(815301076,1909f56bfc062723c751e8b465ee728b)  -> (artifact id: '920df8798078e323d7935157a75a01de') in 0.001925 seconds 
========================================================================
Received Import Request.
  Time since last request: 0.000013 seconds.
  path: Assets/ScriptableObjects/Level/12/SpawnObjects.asset
  artifactKey: Guid(fa81b2c1189dd1642956baf061d6d673) Importer(815301076,1909f56bfc062723c751e8b465ee728b)
Start importing Assets/ScriptableObjects/Level/12/SpawnObjects.asset using Guid(fa81b2c1189dd1642956baf061d6d673) Importer(815301076,1909f56bfc062723c751e8b465ee728b)  -> (artifact id: '53039d4d1fe7ab0834f10b87dce01213') in 0.002572 seconds 
========================================================================
Received Import Request.
  Time since last request: 0.000013 seconds.
  path: Assets/ScriptableObjects/Level/12/SpawnDamager_Ice.asset
  artifactKey: Guid(a62ebb81b5178af4dbb4042d4a56c19e) Importer(815301076,1909f56bfc062723c751e8b465ee728b)
Start importing Assets/ScriptableObjects/Level/12/SpawnDamager_Ice.asset using Guid(a62ebb81b5178af4dbb4042d4a56c19e) Importer(815301076,1909f56bfc062723c751e8b465ee728b)  -> (artifact id: '0d7a8f3159610dd6afd2f38cb212a985') in 0.001735 seconds 
========================================================================
Received Import Request.
  Time since last request: 6.043740 seconds.
  path: Assets/ScriptableObjects/Level/13/BonusTime.asset
  artifactKey: Guid(149ef15e62e84cb4ea2f661ffe6feafc) Importer(815301076,1909f56bfc062723c751e8b465ee728b)
Start importing Assets/ScriptableObjects/Level/13/BonusTime.asset using Guid(149ef15e62e84cb4ea2f661ffe6feafc) Importer(815301076,1909f56bfc062723c751e8b465ee728b)  -> (artifact id: '99ce9bc3f654c83cc20b7ba2f4d70201') in 0.002428 seconds 
========================================================================
Received Import Request.
  Time since last request: 0.000013 seconds.
  path: Assets/ScriptableObjects/Level/13/SpawnFruit_Mango.asset
  artifactKey: Guid(8eb0efcccbc197840852b0914caa5585) Importer(815301076,1909f56bfc062723c751e8b465ee728b)
Start importing Assets/ScriptableObjects/Level/13/SpawnFruit_Mango.asset using Guid(8eb0efcccbc197840852b0914caa5585) Importer(815301076,1909f56bfc062723c751e8b465ee728b)  -> (artifact id: '4d05e13985d27af5252c0f8f7e0069e2') in 0.001670 seconds 
========================================================================
Received Import Request.
  Time since last request: 0.000014 seconds.
  path: Assets/ScriptableObjects/Level/13/SpawnDamager_Ice.asset
  artifactKey: Guid(ab0ff783a4a3d9d45ac90a47c83aaded) Importer(815301076,1909f56bfc062723c751e8b465ee728b)
Start importing Assets/ScriptableObjects/Level/13/SpawnDamager_Ice.asset using Guid(ab0ff783a4a3d9d45ac90a47c83aaded) Importer(815301076,1909f56bfc062723c751e8b465ee728b)  -> (artifact id: '6bac2f65d165e7aba6e6196a723219f3') in 0.001545 seconds 
========================================================================
Received Import Request.
  Time since last request: 0.000013 seconds.
  path: Assets/ScriptableObjects/Level/13/SpawnObjects.asset
  artifactKey: Guid(a9063cddeca76c34ca317bb59c5a6161) Importer(815301076,1909f56bfc062723c751e8b465ee728b)
Start importing Assets/ScriptableObjects/Level/13/SpawnObjects.asset using Guid(a9063cddeca76c34ca317bb59c5a6161) Importer(815301076,1909f56bfc062723c751e8b465ee728b)  -> (artifact id: '8030eebc2f752eece0bc35a4f20bd1b4') in 0.002544 seconds 
========================================================================
Received Import Request.
  Time since last request: 3.052636 seconds.
  path: Assets/ScriptableObjects/Level/14/BonusTime.asset
  artifactKey: Guid(56db54494b56ed040ab8a2ed56be2252) Importer(815301076,1909f56bfc062723c751e8b465ee728b)
Start importing Assets/ScriptableObjects/Level/14/BonusTime.asset using Guid(56db54494b56ed040ab8a2ed56be2252) Importer(815301076,1909f56bfc062723c751e8b465ee728b)  -> (artifact id: 'fcf8090d060e917d84f82b2d36e1391f') in 0.002321 seconds 
========================================================================
Received Import Request.
  Time since last request: 0.000013 seconds.
  path: Assets/ScriptableObjects/Level/14/SpawnDamager_Tree.asset
  artifactKey: Guid(ad7dccd2c9225aa46a272a23db7836c2) Importer(815301076,1909f56bfc062723c751e8b465ee728b)
Start importing Assets/ScriptableObjects/Level/14/SpawnDamager_Tree.asset using Guid(ad7dccd2c9225aa46a272a23db7836c2) Importer(815301076,1909f56bfc062723c751e8b465ee728b)  -> (artifact id: '2a48e7679251b0d81c45e7ccb6fc2c55') in 0.001724 seconds 
========================================================================
Received Import Request.
  Time since last request: 0.000012 seconds.
  path: Assets/ScriptableObjects/Level/14/SpawnFruit_Strawberry.asset
  artifactKey: Guid(7903a2d3c129f5548b6b43ec51f61a2e) Importer(815301076,1909f56bfc062723c751e8b465ee728b)
Start importing Assets/ScriptableObjects/Level/14/SpawnFruit_Strawberry.asset using Guid(7903a2d3c129f5548b6b43ec51f61a2e) Importer(815301076,1909f56bfc062723c751e8b465ee728b)  -> (artifact id: '434677c2da0de1fc2f33238178a9ee5c') in 0.001416 seconds 
========================================================================
Received Import Request.
  Time since last request: 0.000013 seconds.
  path: Assets/ScriptableObjects/Level/14/SpawnFruit_Melon.asset
  artifactKey: Guid(f4e0d4d4057131a49a9786457adc29fe) Importer(815301076,1909f56bfc062723c751e8b465ee728b)
Start importing Assets/ScriptableObjects/Level/14/SpawnFruit_Melon.asset using Guid(f4e0d4d4057131a49a9786457adc29fe) Importer(815301076,1909f56bfc062723c751e8b465ee728b)  -> (artifact id: 'f22dfe7077815c2c501e9a6247bd9619') in 0.001567 seconds 
========================================================================
Received Import Request.
  Time since last request: 3.318938 seconds.
  path: Assets/ScriptableObjects/Level/15/BonusTime.asset
  artifactKey: Guid(de84caca718d36241b5c4d1c5a194548) Importer(815301076,1909f56bfc062723c751e8b465ee728b)
Start importing Assets/ScriptableObjects/Level/15/BonusTime.asset using Guid(de84caca718d36241b5c4d1c5a194548) Importer(815301076,1909f56bfc062723c751e8b465ee728b)  -> (artifact id: 'db1ba78b28ad22f91ebdc0dcf20db9af') in 0.001749 seconds 
========================================================================
Received Import Request.
  Time since last request: 0.000019 seconds.
  path: Assets/ScriptableObjects/Level/15/SpawnDamager_Ice.asset
  artifactKey: Guid(f33a835bf32bc5b45bbb880457256351) Importer(815301076,1909f56bfc062723c751e8b465ee728b)
Start importing Assets/ScriptableObjects/Level/15/SpawnDamager_Ice.asset using Guid(f33a835bf32bc5b45bbb880457256351) Importer(815301076,1909f56bfc062723c751e8b465ee728b)  -> (artifact id: '0381531ddd5c17a29e02af0ba16eb05e') in 0.001825 seconds 
========================================================================
Received Import Request.
  Time since last request: 0.000014 seconds.
  path: Assets/ScriptableObjects/Level/15/SpawnFruit_Mango.asset
  artifactKey: Guid(83d922727906c854fb3a84562885524e) Importer(815301076,1909f56bfc062723c751e8b465ee728b)
Start importing Assets/ScriptableObjects/Level/15/SpawnFruit_Mango.asset using Guid(83d922727906c854fb3a84562885524e) Importer(815301076,1909f56bfc062723c751e8b465ee728b)  -> (artifact id: '8a77d44267c8999524aceeb56080c3e3') in 0.001730 seconds 
========================================================================
Received Import Request.
  Time since last request: 0.000018 seconds.
  path: Assets/ScriptableObjects/Level/15/SpawnFruit_Kiwi.asset
  artifactKey: Guid(bdb1be9100489d541a366e0a82bd7e37) Importer(815301076,1909f56bfc062723c751e8b465ee728b)
Start importing Assets/ScriptableObjects/Level/15/SpawnFruit_Kiwi.asset using Guid(bdb1be9100489d541a366e0a82bd7e37) Importer(815301076,1909f56bfc062723c751e8b465ee728b)  -> (artifact id: 'ae52fa1439484efbd98288c7e641f80f') in 0.002007 seconds 
========================================================================
Received Import Request.
  Time since last request: 0.000015 seconds.
  path: Assets/ScriptableObjects/Level/15/SpawnFruit_Bananna.asset
  artifactKey: Guid(e94ca60dc10aad746b20df130216a30b) Importer(815301076,1909f56bfc062723c751e8b465ee728b)
Start importing Assets/ScriptableObjects/Level/15/SpawnFruit_Bananna.asset using Guid(e94ca60dc10aad746b20df130216a30b) Importer(815301076,1909f56bfc062723c751e8b465ee728b)  -> (artifact id: '224844714e4cf41c39d7f8e420e7f966') in 0.001539 seconds 
========================================================================
Received Import Request.
  Time since last request: 52.191370 seconds.
  path: Assets/ScriptableObjects/Level/15/Level 15.asset
  artifactKey: Guid(1077da44846df2349984bf25bc22b3be) Importer(815301076,1909f56bfc062723c751e8b465ee728b)
Start importing Assets/ScriptableObjects/Level/15/Level 15.asset using Guid(1077da44846df2349984bf25bc22b3be) Importer(815301076,1909f56bfc062723c751e8b465ee728b)  -> (artifact id: 'b59a0d3ac7e895da746f46874a4f7a0c') in 0.003863 seconds 
========================================================================
Received Prepare
Registering precompiled user dll's ...
Registered in 0.004473 seconds.
Begin MonoManager ReloadAssembly
Symbol file LoadedFromMemory doesn't match image C:\Users\artem\OneDrive\Документы\Blender\Library\PackageCache\com.unity.visualscripting@1.7.6\Editor\VisualScripting.Core\Dependencies\DotNetZip\Unity.VisualScripting.IonicZip.dll
Symbol file LoadedFromMemory doesn't match image C:\Users\artem\OneDrive\Документы\Blender\Library\PackageCache\com.unity.visualscripting@1.7.6\Editor\VisualScripting.Core\Dependencies\YamlDotNet\Unity.VisualScripting.YamlDotNet.dll
Native extension for WindowsStandalone target not found
Native extension for Android target not found
Native extension for WebGL target not found
Refreshing native plugins compatible for Editor in 0.68 ms, found 3 plugins.
Preloading 0 native plugins for Editor in 0.00 ms.
Mono: successfully reloaded assembly
- Completed reload, in  0.701 seconds
Domain Reload Profiling:
	ReloadAssembly (702ms)
		BeginReloadAssembly (95ms)
			ExecutionOrderSort (0ms)
			DisableScriptedObjects (5ms)
			BackupInstance (0ms)
			ReleaseScriptingObjects (0ms)
			CreateAndSetChildDomain (24ms)
		EndReloadAssembly (530ms)
			LoadAssemblies (57ms)
			RebuildTransferFunctionScriptingTraits (0ms)
			SetupTypeCache (182ms)
			ReleaseScriptCaches (1ms)
			RebuildScriptCaches (32ms)
			SetupLoadedEditorAssemblies (226ms)
				LogAssemblyErrors (0ms)
				InitializePlatformSupportModulesInManaged (17ms)
				SetLoadedEditorAssemblies (0ms)
				RefreshPlugins (1ms)
				BeforeProcessingInitializeOnLoad (43ms)
				ProcessInitializeOnLoadAttributes (144ms)
				ProcessInitializeOnLoadMethodAttributes (18ms)
				AfterProcessingInitializeOnLoad (3ms)
				EditorAssembliesLoaded (0ms)
			ExecutionOrderSort2 (0ms)
			AwakeInstancesAfterBackupRestoration (4ms)
Platform modules already initialized, skipping
Refreshing native plugins compatible for Editor in 5.13 ms, found 3 plugins.
Preloading 0 native plugins for Editor in 0.00 ms.
Unloading 3260 Unused Serialized files (Serialized files now loaded: 0)
Unloading 71 unused Assets / (25.7 KB). Loaded Objects now: 3684.
Memory consumption went from 112.9 MB to 112.9 MB.
Total: 2.103500 ms (FindLiveObjects: 0.197600 ms CreateObjectMapping: 0.122800 ms MarkObjects: 1.760800 ms  DeleteObjects: 0.021700 ms)

AssetImportParameters requested are different than current active one (requested -> active):
  custom:video-decoder-ogg-theora: a1e56fd34408186e4bbccfd4996cb3dc -> 
  custom:container-muxer-webm: aa71ff27fc2769a1b78a27578f13a17b -> 
  custom:container-demuxer-webm: 4f35f7cbe854078d1ac9338744f61a02 -> 
  custom:video-encoder-webm-vp8: eb34c28f22e8b96e1ab97ce403110664 -> 
  custom:audio-encoder-webm-vorbis: bf7c407c2cedff20999df2af8eb42d56 -> 
  custom:framework-win-MediaFoundation: 216162199b28c13a410421893ffa2e32 -> 
  custom:container-demuxer-ogg: 62fdf1f143b41e24485cea50d1cbac27 -> 
  custom:video-decoder-webm-vp8: 9c59270c3fd7afecdb556c50c9e8de78 -> 
  custom:audio-decoder-ogg-vorbis: bf7c407c2cedff20999df2af8eb42d56 -> 
========================================================================
Received Import Request.
  Time since last request: 600.761167 seconds.
  path: Assets/ScriptableObjects/Level/2/Level 2.asset
  artifactKey: Guid(0febb99ea02fa604396421f3b382704e) Importer(815301076,1909f56bfc062723c751e8b465ee728b)
Start importing Assets/ScriptableObjects/Level/2/Level 2.asset using Guid(0febb99ea02fa604396421f3b382704e) Importer(815301076,1909f56bfc062723c751e8b465ee728b)  -> (artifact id: 'bcccb48d2fb305dbd9aaf2b2346caf97') in 0.019583 seconds 
========================================================================
Received Import Request.
  Time since last request: 14.501763 seconds.
  path: Assets/ScriptableObjects/Level/3/Level 3.asset
  artifactKey: Guid(0b46fa62eb68aa9439e3c3ee38119482) Importer(815301076,1909f56bfc062723c751e8b465ee728b)
Start importing Assets/ScriptableObjects/Level/3/Level 3.asset using Guid(0b46fa62eb68aa9439e3c3ee38119482) Importer(815301076,1909f56bfc062723c751e8b465ee728b)  -> (artifact id: '95cbeb840a27ba3667fcc42ee23e9f8f') in 0.003136 seconds 
========================================================================
Received Import Request.
  Time since last request: 24.686116 seconds.
  path: Assets/ScriptableObjects/Level/7/Level 7.asset
  artifactKey: Guid(4e4d3d946ccb43147948834352c76b66) Importer(815301076,1909f56bfc062723c751e8b465ee728b)
Start importing Assets/ScriptableObjects/Level/7/Level 7.asset using Guid(4e4d3d946ccb43147948834352c76b66) Importer(815301076,1909f56bfc062723c751e8b465ee728b)  -> (artifact id: 'b362a3c312cdce845f33c4a4feca3ba7') in 0.003526 seconds 
========================================================================
Received Import Request.
  Time since last request: 0.572341 seconds.
  path: Assets/ScriptableObjects/Level/8/Level 8.asset
  artifactKey: Guid(c4584d1db56b66c448ecbc1047bfb950) Importer(815301076,1909f56bfc062723c751e8b465ee728b)
Start importing Assets/ScriptableObjects/Level/8/Level 8.asset using Guid(c4584d1db56b66c448ecbc1047bfb950) Importer(815301076,1909f56bfc062723c751e8b465ee728b)  -> (artifact id: 'f4269368d2f26fa4dce94af9fb027311') in 0.003515 seconds 
========================================================================
Received Import Request.
  Time since last request: 59.705840 seconds.
  path: Assets/ScriptableObjects/Level/9/Level 9.asset
  artifactKey: Guid(85e364d6a3149014ba52f8abd44de1c7) Importer(815301076,1909f56bfc062723c751e8b465ee728b)
Start importing Assets/ScriptableObjects/Level/9/Level 9.asset using Guid(85e364d6a3149014ba52f8abd44de1c7) Importer(815301076,1909f56bfc062723c751e8b465ee728b)  -> (artifact id: 'f49731608adbbbe412c64a753941dc57') in 0.002991 seconds 
========================================================================
Received Import Request.
  Time since last request: 16.816475 seconds.
  path: Assets/ScriptableObjects/Level/10/Level 10.asset
  artifactKey: Guid(2a56eea3c4585a14d8d547172dcb5507) Importer(815301076,1909f56bfc062723c751e8b465ee728b)
Start importing Assets/ScriptableObjects/Level/10/Level 10.asset using Guid(2a56eea3c4585a14d8d547172dcb5507) Importer(815301076,1909f56bfc062723c751e8b465ee728b)  -> (artifact id: '6478f2a0facbfba7c91e9e47396c92a1') in 0.003050 seconds 
========================================================================
Received Import Request.
  Time since last request: 19.060595 seconds.
  path: Assets/ScriptableObjects/Level/11/Level 11.asset
  artifactKey: Guid(6d88cdf4fcf198b44bfcbac3ef257c6c) Importer(815301076,1909f56bfc062723c751e8b465ee728b)
Start importing Assets/ScriptableObjects/Level/11/Level 11.asset using Guid(6d88cdf4fcf198b44bfcbac3ef257c6c) Importer(815301076,1909f56bfc062723c751e8b465ee728b)  -> (artifact id: '947754acdf1234268b03fe11dd4755d6') in 0.003658 seconds 
========================================================================
Received Import Request.
  Time since last request: 23.919704 seconds.
  path: Assets/ScriptableObjects/Level/12/Level 12.asset
  artifactKey: Guid(f9f44f0a9f752024aa560b7386d3d1c0) Importer(815301076,1909f56bfc062723c751e8b465ee728b)
Start importing Assets/ScriptableObjects/Level/12/Level 12.asset using Guid(f9f44f0a9f752024aa560b7386d3d1c0) Importer(815301076,1909f56bfc062723c751e8b465ee728b)  -> (artifact id: '4066599a9a425611676fa6d86354da80') in 0.003502 seconds 
========================================================================
Received Import Request.
  Time since last request: 24.019028 seconds.
  path: Assets/ScriptableObjects/Level/13/Level 13.asset
  artifactKey: Guid(c00ce7c4c779c5b4c9c7c5d30d654003) Importer(815301076,1909f56bfc062723c751e8b465ee728b)
Start importing Assets/ScriptableObjects/Level/13/Level 13.asset using Guid(c00ce7c4c779c5b4c9c7c5d30d654003) Importer(815301076,1909f56bfc062723c751e8b465ee728b)  -> (artifact id: 'a8f9896868fb8c3c71f9d9590d58832f') in 0.003661 seconds 
========================================================================
Received Import Request.
  Time since last request: 19.358272 seconds.
  path: Assets/ScriptableObjects/Level/14/Level 14.asset
  artifactKey: Guid(5f49b21c00225774bbbb818c55963345) Importer(815301076,1909f56bfc062723c751e8b465ee728b)
Start importing Assets/ScriptableObjects/Level/14/Level 14.asset using Guid(5f49b21c00225774bbbb818c55963345) Importer(815301076,1909f56bfc062723c751e8b465ee728b)  -> (artifact id: 'aa9153cccebe4258975e79aefc75d66b') in 0.004031 seconds 
========================================================================
Received Prepare
Registering precompiled user dll's ...
Registered in 0.003838 seconds.
Begin MonoManager ReloadAssembly
Symbol file LoadedFromMemory doesn't match image C:\Users\artem\OneDrive\Документы\Blender\Library\PackageCache\com.unity.visualscripting@1.7.6\Editor\VisualScripting.Core\Dependencies\DotNetZip\Unity.VisualScripting.IonicZip.dll
Symbol file LoadedFromMemory doesn't match image C:\Users\artem\OneDrive\Документы\Blender\Library\PackageCache\com.unity.visualscripting@1.7.6\Editor\VisualScripting.Core\Dependencies\YamlDotNet\Unity.VisualScripting.YamlDotNet.dll
Native extension for WindowsStandalone target not found
Native extension for Android target not found
Native extension for WebGL target not found
Refreshing native plugins compatible for Editor in 0.66 ms, found 3 plugins.
Preloading 0 native plugins for Editor in 0.00 ms.
Mono: successfully reloaded assembly
- Completed reload, in  0.708 seconds
Domain Reload Profiling:
	ReloadAssembly (708ms)
		BeginReloadAssembly (95ms)
			ExecutionOrderSort (0ms)
			DisableScriptedObjects (7ms)
			BackupInstance (0ms)
			ReleaseScriptingObjects (0ms)
			CreateAndSetChildDomain (24ms)
		EndReloadAssembly (541ms)
			LoadAssemblies (54ms)
			RebuildTransferFunctionScriptingTraits (0ms)
			SetupTypeCache (195ms)
			ReleaseScriptCaches (1ms)
			RebuildScriptCaches (31ms)
			SetupLoadedEditorAssemblies (227ms)
				LogAssemblyErrors (0ms)
				InitializePlatformSupportModulesInManaged (16ms)
				SetLoadedEditorAssemblies (0ms)
				RefreshPlugins (1ms)
				BeforeProcessingInitializeOnLoad (43ms)
				ProcessInitializeOnLoadAttributes (146ms)
				ProcessInitializeOnLoadMethodAttributes (17ms)
				AfterProcessingInitializeOnLoad (2ms)
				EditorAssembliesLoaded (0ms)
			ExecutionOrderSort2 (0ms)
			AwakeInstancesAfterBackupRestoration (5ms)
Platform modules already initialized, skipping
Refreshing native plugins compatible for Editor in 4.97 ms, found 3 plugins.
Preloading 0 native plugins for Editor in 0.00 ms.
Unloading 3260 Unused Serialized files (Serialized files now loaded: 0)
Unloading 71 unused Assets / (25.7 KB). Loaded Objects now: 3687.
Memory consumption went from 112.9 MB to 112.9 MB.
Total: 2.406000 ms (FindLiveObjects: 0.187300 ms CreateObjectMapping: 0.109200 ms MarkObjects: 2.088100 ms  DeleteObjects: 0.020800 ms)

AssetImportParameters requested are different than current active one (requested -> active):
  custom:video-decoder-ogg-theora: a1e56fd34408186e4bbccfd4996cb3dc -> 
  custom:container-muxer-webm: aa71ff27fc2769a1b78a27578f13a17b -> 
  custom:container-demuxer-webm: 4f35f7cbe854078d1ac9338744f61a02 -> 
  custom:video-encoder-webm-vp8: eb34c28f22e8b96e1ab97ce403110664 -> 
  custom:audio-encoder-webm-vorbis: bf7c407c2cedff20999df2af8eb42d56 -> 
  custom:framework-win-MediaFoundation: 216162199b28c13a410421893ffa2e32 -> 
  custom:container-demuxer-ogg: 62fdf1f143b41e24485cea50d1cbac27 -> 
  custom:video-decoder-webm-vp8: 9c59270c3fd7afecdb556c50c9e8de78 -> 
  custom:audio-decoder-ogg-vorbis: bf7c407c2cedff20999df2af8eb42d56 -> 
========================================================================
Received Import Request.
  Time since last request: 530.633042 seconds.
  path: Assets/ScriptableObjects/Level/4/Level 4.asset
  artifactKey: Guid(3d1deaa088f7c3443a244464df9620b5) Importer(815301076,1909f56bfc062723c751e8b465ee728b)
Start importing Assets/ScriptableObjects/Level/4/Level 4.asset using Guid(3d1deaa088f7c3443a244464df9620b5) Importer(815301076,1909f56bfc062723c751e8b465ee728b)  -> (artifact id: 'a0f36679e4d462dc20c1c369fc3b699e') in 0.015755 seconds 
========================================================================
Received Import Request.
  Time since last request: 15.492974 seconds.
  path: Assets/ScriptableObjects/Level/5/Level 5.asset
  artifactKey: Guid(2f2854f4bb2afcd41a828cd82c8c5bd5) Importer(815301076,1909f56bfc062723c751e8b465ee728b)
Start importing Assets/ScriptableObjects/Level/5/Level 5.asset using Guid(2f2854f4bb2afcd41a828cd82c8c5bd5) Importer(815301076,1909f56bfc062723c751e8b465ee728b)  -> (artifact id: '7da36ed1f70856ebea81e28be863a8cb') in 0.002791 seconds 
========================================================================
Received Import Request.
  Time since last request: 19.635644 seconds.
  path: Assets/ScriptableObjects/Level/6/Level 6.asset
  artifactKey: Guid(22715d9201f7d7747b6b616e0041de6c) Importer(815301076,1909f56bfc062723c751e8b465ee728b)
Start importing Assets/ScriptableObjects/Level/6/Level 6.asset using Guid(22715d9201f7d7747b6b616e0041de6c) Importer(815301076,1909f56bfc062723c751e8b465ee728b)  -> (artifact id: '7395ed07a2753c703b844b920bbecbce') in 0.003469 seconds 
========================================================================
Received Import Request.
  Time since last request: 41.751180 seconds.
  path: Assets/ScriptableObjects/Level/8/SpawnDamager_Tree.asset
  artifactKey: Guid(d43b5fd71998ca846b98a510bb66fadd) Importer(815301076,1909f56bfc062723c751e8b465ee728b)
Start importing Assets/ScriptableObjects/Level/8/SpawnDamager_Tree.asset using Guid(d43b5fd71998ca846b98a510bb66fadd) Importer(815301076,1909f56bfc062723c751e8b465ee728b)  -> (artifact id: '9329fbb7fdf4462a4ed7066560c8d9e0') in 0.001878 seconds 
========================================================================
Received Import Request.
  Time since last request: 0.000013 seconds.
  path: Assets/ScriptableObjects/Level/8/SpawnFruit_Melon.asset
  artifactKey: Guid(ecc6b35528d0eff43a6d6a2804c3e5c5) Importer(815301076,1909f56bfc062723c751e8b465ee728b)
Start importing Assets/ScriptableObjects/Level/8/SpawnFruit_Melon.asset using Guid(ecc6b35528d0eff43a6d6a2804c3e5c5) Importer(815301076,1909f56bfc062723c751e8b465ee728b)  -> (artifact id: '33a35bc6e1756ee7d0da0fb97578a17d') in 0.002303 seconds 
========================================================================
Received Import Request.
  Time since last request: 0.000014 seconds.
  path: Assets/ScriptableObjects/Level/8/SpawnFruit_Watermelon.asset
  artifactKey: Guid(cd8c6353ecb307c479a0d88b38e9bdc9) Importer(815301076,1909f56bfc062723c751e8b465ee728b)
Start importing Assets/ScriptableObjects/Level/8/SpawnFruit_Watermelon.asset using Guid(cd8c6353ecb307c479a0d88b38e9bdc9) Importer(815301076,1909f56bfc062723c751e8b465ee728b)  -> (artifact id: '6f5b88106539686cd868e29f83773710') in 0.001578 seconds 
========================================================================
Received Import Request.
  Time since last request: 23.440210 seconds.
  path: Assets/ScriptableObjects/Level/9/SpawnFruit_Banana.asset
  artifactKey: Guid(87499b9ba1c04c1438fde184dc33054f) Importer(815301076,1909f56bfc062723c751e8b465ee728b)
Start importing Assets/ScriptableObjects/Level/9/SpawnFruit_Banana.asset using Guid(87499b9ba1c04c1438fde184dc33054f) Importer(815301076,1909f56bfc062723c751e8b465ee728b)  -> (artifact id: 'e87412de3f5be3ebad878ecfbe70daba') in 0.001992 seconds 
========================================================================
Received Import Request.
  Time since last request: 2.530133 seconds.
  path: Assets/ScriptableObjects/Level/10/SpawnDamager_Ice.asset
  artifactKey: Guid(7f5f702954f255e4e85c60a06c94bff1) Importer(815301076,1909f56bfc062723c751e8b465ee728b)
Start importing Assets/ScriptableObjects/Level/10/SpawnDamager_Ice.asset using Guid(7f5f702954f255e4e85c60a06c94bff1) Importer(815301076,1909f56bfc062723c751e8b465ee728b)  -> (artifact id: '69d167c28b6c68a4c3b2be3da8bd1caf') in 0.001927 seconds 
========================================================================
Received Import Request.
  Time since last request: 0.000011 seconds.
  path: Assets/ScriptableObjects/Level/10/SpawnFruit_Watermelon.asset
  artifactKey: Guid(b7ddf194c3627b04f842028067746b6e) Importer(815301076,1909f56bfc062723c751e8b465ee728b)
Start importing Assets/ScriptableObjects/Level/10/SpawnFruit_Watermelon.asset using Guid(b7ddf194c3627b04f842028067746b6e) Importer(815301076,1909f56bfc062723c751e8b465ee728b)  -> (artifact id: 'a9db1cd066e0e1174f0c360468d2b7df') in 0.001512 seconds 
========================================================================
Received Import Request.
  Time since last request: 7.911321 seconds.
  path: Assets/ScriptableObjects/Level/11/SpawnDamager_Ice.asset
  artifactKey: Guid(4d19ddf155ceb27498f79fa5ad8add1e) Importer(815301076,1909f56bfc062723c751e8b465ee728b)
Start importing Assets/ScriptableObjects/Level/11/SpawnDamager_Ice.asset using Guid(4d19ddf155ceb27498f79fa5ad8add1e) Importer(815301076,1909f56bfc062723c751e8b465ee728b)  -> (artifact id: 'c47e94e62b156724201bb0732ff3a733') in 0.001992 seconds 
========================================================================
Received Import Request.
  Time since last request: 0.000011 seconds.
  path: Assets/ScriptableObjects/Level/11/SpawnFruit_Kivi.asset
  artifactKey: Guid(e85100f9ece9fae4da4fb1f6fc16a110) Importer(815301076,1909f56bfc062723c751e8b465ee728b)
Start importing Assets/ScriptableObjects/Level/11/SpawnFruit_Kivi.asset using Guid(e85100f9ece9fae4da4fb1f6fc16a110) Importer(815301076,1909f56bfc062723c751e8b465ee728b)  -> (artifact id: '0543a4ea8f21b0c577331ffe01018aff') in 0.001602 seconds 
========================================================================
Received Import Request.
  Time since last request: 10.279238 seconds.
  path: Assets/ScriptableObjects/Level/12/SpawnDamager_Ice.asset
  artifactKey: Guid(a62ebb81b5178af4dbb4042d4a56c19e) Importer(815301076,1909f56bfc062723c751e8b465ee728b)
Start importing Assets/ScriptableObjects/Level/12/SpawnDamager_Ice.asset using Guid(a62ebb81b5178af4dbb4042d4a56c19e) Importer(815301076,1909f56bfc062723c751e8b465ee728b)  -> (artifact id: 'c8ec77abff07aaddf37c06a7b7afb51d') in 0.001634 seconds 
========================================================================
Received Import Request.
  Time since last request: 0.002955 seconds.
  path: Assets/ScriptableObjects/Level/12/SpawnFruit_Melon.asset
  artifactKey: Guid(67382bf4fee144247b5d95f84877d6dc) Importer(815301076,1909f56bfc062723c751e8b465ee728b)
Start importing Assets/ScriptableObjects/Level/12/SpawnFruit_Melon.asset using Guid(67382bf4fee144247b5d95f84877d6dc) Importer(815301076,1909f56bfc062723c751e8b465ee728b)  -> (artifact id: '4049ede2f3589ae597d5da15fce83275') in 0.001811 seconds 
========================================================================
Received Prepare
Registering precompiled user dll's ...
Registered in 0.003846 seconds.
Begin MonoManager ReloadAssembly
Symbol file LoadedFromMemory doesn't match image C:\Users\artem\OneDrive\Документы\Blender\Library\PackageCache\com.unity.visualscripting@1.7.6\Editor\VisualScripting.Core\Dependencies\DotNetZip\Unity.VisualScripting.IonicZip.dll
Symbol file LoadedFromMemory doesn't match image C:\Users\artem\OneDrive\Документы\Blender\Library\PackageCache\com.unity.visualscripting@1.7.6\Editor\VisualScripting.Core\Dependencies\YamlDotNet\Unity.VisualScripting.YamlDotNet.dll
Native extension for WindowsStandalone target not found
Native extension for Android target not found
Native extension for WebGL target not found
Refreshing native plugins compatible for Editor in 0.82 ms, found 3 plugins.
Preloading 0 native plugins for Editor in 0.00 ms.
Mono: successfully reloaded assembly
- Completed reload, in  0.729 seconds
Domain Reload Profiling:
	ReloadAssembly (729ms)
		BeginReloadAssembly (91ms)
			ExecutionOrderSort (0ms)
			DisableScriptedObjects (5ms)
			BackupInstance (0ms)
			ReleaseScriptingObjects (0ms)
			CreateAndSetChildDomain (24ms)
		EndReloadAssembly (563ms)
			LoadAssemblies (53ms)
			RebuildTransferFunctionScriptingTraits (0ms)
			SetupTypeCache (201ms)
			ReleaseScriptCaches (1ms)
			RebuildScriptCaches (35ms)
			SetupLoadedEditorAssemblies (231ms)
				LogAssemblyErrors (0ms)
				InitializePlatformSupportModulesInManaged (19ms)
				SetLoadedEditorAssemblies (1ms)
				RefreshPlugins (1ms)
				BeforeProcessingInitializeOnLoad (46ms)
				ProcessInitializeOnLoadAttributes (144ms)
				ProcessInitializeOnLoadMethodAttributes (17ms)
				AfterProcessingInitializeOnLoad (3ms)
				EditorAssembliesLoaded (0ms)
			ExecutionOrderSort2 (0ms)
			AwakeInstancesAfterBackupRestoration (4ms)
Platform modules already initialized, skipping
Refreshing native plugins compatible for Editor in 5.00 ms, found 3 plugins.
Preloading 0 native plugins for Editor in 0.00 ms.
Unloading 3260 Unused Serialized files (Serialized files now loaded: 0)
Unloading 71 unused Assets / (25.7 KB). Loaded Objects now: 3690.
Memory consumption went from 113.1 MB to 113.0 MB.
Total: 2.021200 ms (FindLiveObjects: 0.183800 ms CreateObjectMapping: 0.115200 ms MarkObjects: 1.700100 ms  DeleteObjects: 0.021500 ms)

AssetImportParameters requested are different than current active one (requested -> active):
  custom:video-decoder-ogg-theora: a1e56fd34408186e4bbccfd4996cb3dc -> 
  custom:container-muxer-webm: aa71ff27fc2769a1b78a27578f13a17b -> 
  custom:container-demuxer-webm: 4f35f7cbe854078d1ac9338744f61a02 -> 
  custom:video-encoder-webm-vp8: eb34c28f22e8b96e1ab97ce403110664 -> 
  custom:audio-encoder-webm-vorbis: bf7c407c2cedff20999df2af8eb42d56 -> 
  custom:framework-win-MediaFoundation: 216162199b28c13a410421893ffa2e32 -> 
  custom:container-demuxer-ogg: 62fdf1f143b41e24485cea50d1cbac27 -> 
  custom:video-decoder-webm-vp8: 9c59270c3fd7afecdb556c50c9e8de78 -> 
  custom:audio-decoder-ogg-vorbis: bf7c407c2cedff20999df2af8eb42d56 -> 
========================================================================
Received Prepare
Registering precompiled user dll's ...
Registered in 0.005313 seconds.
Begin MonoManager ReloadAssembly
Symbol file LoadedFromMemory doesn't match image C:\Users\artem\OneDrive\Документы\Blender\Library\PackageCache\com.unity.visualscripting@1.7.6\Editor\VisualScripting.Core\Dependencies\DotNetZip\Unity.VisualScripting.IonicZip.dll
Symbol file LoadedFromMemory doesn't match image C:\Users\artem\OneDrive\Документы\Blender\Library\PackageCache\com.unity.visualscripting@1.7.6\Editor\VisualScripting.Core\Dependencies\YamlDotNet\Unity.VisualScripting.YamlDotNet.dll
Native extension for WindowsStandalone target not found
Native extension for Android target not found
Native extension for WebGL target not found
Refreshing native plugins compatible for Editor in 0.67 ms, found 3 plugins.
Preloading 0 native plugins for Editor in 0.00 ms.
Mono: successfully reloaded assembly
- Completed reload, in  0.695 seconds
Domain Reload Profiling:
	ReloadAssembly (695ms)
		BeginReloadAssembly (92ms)
			ExecutionOrderSort (0ms)
			DisableScriptedObjects (5ms)
			BackupInstance (0ms)
			ReleaseScriptingObjects (0ms)
			CreateAndSetChildDomain (23ms)
		EndReloadAssembly (532ms)
			LoadAssemblies (56ms)
			RebuildTransferFunctionScriptingTraits (0ms)
			SetupTypeCache (180ms)
			ReleaseScriptCaches (1ms)
			RebuildScriptCaches (32ms)
			SetupLoadedEditorAssemblies (232ms)
				LogAssemblyErrors (0ms)
				InitializePlatformSupportModulesInManaged (16ms)
				SetLoadedEditorAssemblies (0ms)
				RefreshPlugins (1ms)
				BeforeProcessingInitializeOnLoad (47ms)
				ProcessInitializeOnLoadAttributes (148ms)
				ProcessInitializeOnLoadMethodAttributes (17ms)
				AfterProcessingInitializeOnLoad (2ms)
				EditorAssembliesLoaded (0ms)
			ExecutionOrderSort2 (0ms)
			AwakeInstancesAfterBackupRestoration (4ms)
Platform modules already initialized, skipping
Refreshing native plugins compatible for Editor in 5.04 ms, found 3 plugins.
Preloading 0 native plugins for Editor in 0.00 ms.
Unloading 3260 Unused Serialized files (Serialized files now loaded: 0)
Unloading 71 unused Assets / (25.7 KB). Loaded Objects now: 3693.
Memory consumption went from 113.1 MB to 113.0 MB.
Total: 2.075800 ms (FindLiveObjects: 0.203000 ms CreateObjectMapping: 0.133500 ms MarkObjects: 1.716000 ms  DeleteObjects: 0.022500 ms)

AssetImportParameters requested are different than current active one (requested -> active):
  custom:video-decoder-ogg-theora: a1e56fd34408186e4bbccfd4996cb3dc -> 
  custom:container-muxer-webm: aa71ff27fc2769a1b78a27578f13a17b -> 
  custom:container-demuxer-webm: 4f35f7cbe854078d1ac9338744f61a02 -> 
  custom:video-encoder-webm-vp8: eb34c28f22e8b96e1ab97ce403110664 -> 
  custom:audio-encoder-webm-vorbis: bf7c407c2cedff20999df2af8eb42d56 -> 
  custom:framework-win-MediaFoundation: 216162199b28c13a410421893ffa2e32 -> 
  custom:container-demuxer-ogg: 62fdf1f143b41e24485cea50d1cbac27 -> 
  custom:video-decoder-webm-vp8: 9c59270c3fd7afecdb556c50c9e8de78 -> 
  custom:audio-decoder-ogg-vorbis: bf7c407c2cedff20999df2af8eb42d56 -> 
Editor requested this worker to shutdown with reason: Scaling down because of idle timeout
AssetImportWorker is now disconnected from the server
Process exiting
Exiting without the bug reporter. Application will terminate with return code 0